<?xml version="1.0" encoding="UTF-8"?>
<!-- Generated by org.testng.reporters.JUnitReportReporter -->
<testsuite skipped="0" hostname="user-PC" name="Online.Skuliusage" tests="1" failures="0" timestamp="20 Sep 2017 15:08:37 GMT" time="4.722" errors="0">
  <testcase name="logoVal" time="4.722" classname="Online.Skuliusage"/>
</testsuite> <!-- Online.Skuliusage -->
