<?xml version="1.0" encoding="UTF-8"?>
<!-- Generated by org.testng.reporters.JUnitReportReporter -->
<testsuite skipped="0" hostname="user-PC" name="Online.Ashotverfiy" tests="1" failures="0" timestamp="20 Sep 2017 16:13:25 GMT" time="1.136" errors="0">
  <testcase name="logoVal" time="1.136" classname="Online.Ashotverfiy"/>
</testsuite> <!-- Online.Ashotverfiy -->
