<?xml version="1.0" encoding="UTF-8"?>
<!-- Generated by org.testng.reporters.JUnitReportReporter -->
<testsuite skipped="0" hostname="user-PC" name="Online.Sample" tests="2" failures="0" timestamp="05 Aug 2017 11:27:30 GMT" time="0.031" errors="0">
  <testcase name="login" time="0.030" classname="Online.Sample"/>
  <testcase name="logout" time="0.001" classname="Online.Sample"/>
</testsuite> <!-- Online.Sample -->
